# JRE version: OpenJDK Runtime Environment (18.0.2+9) (build 18.0.2-ea+9-Ubuntu-222.04)
# Java VM: OpenJDK 64-Bit Server VM (18.0.2-ea+9-Ubuntu-222.04, mixed mode, sharing, tiered, compressed oops, compressed class ptrs, g1 gc, linux-amd64)
GC Precious Log:
 CardTable entry size: 512
 Card Set container configuration: InlinePtr #cards 4 size 8 Array Of Cards #cards 16 size 48 Howl #buckets 8 coarsen threshold 3686 Howl Bitmap #cards 512 size 80 coarsen threshold 460 Card regions per heap region 1 cards per card region 4096
 CPUs: 16 total, 16 available
 Memory: 13834M
 Large Page Support: Disabled
 NUMA Support: Disabled
 Compressed Oops: Enabled (Zero based)
 Heap Region Size: 2M
 Heap Min Capacity: 8M
 Heap Initial Capacity: 218M
 Heap Max Capacity: 3460M
 Pre-touch: Disabled
 Parallel Workers: 13
 Concurrent Workers: 3
 Concurrent Refinement Workers: 13
 Periodic GC: Disabled
Heap:
 garbage-first heap   total 227328K, used 60004K [0x0000000727c00000, 0x0000000800000000)
  region size 2048K, 5 young (10240K), 4 survivors (8192K)
 Metaspace       used 20717K, committed 21184K, reserved 1114112K
  class space    used 3074K, committed 3264K, reserved 1048576K
GC Heap History (6 events):
Event: 0.295 GC heap before
{Heap before GC invocations=0 (full 0):
 garbage-first heap   total 227328K, used 22444K [0x0000000727c00000, 0x0000000800000000)
  region size 2048K, 11 young (22528K), 0 survivors (0K)
 Metaspace       used 4611K, committed 4864K, reserved 1114112K
  class space    used 542K, committed 640K, reserved 1048576K
}
Event: 0.297 GC heap after
{Heap after GC invocations=1 (full 0):
 garbage-first heap   total 227328K, used 4614K [0x0000000727c00000, 0x0000000800000000)
  region size 2048K, 2 young (4096K), 2 survivors (4096K)
 Metaspace       used 4611K, committed 4864K, reserved 1114112K
  class space    used 542K, committed 640K, reserved 1048576K
}
Event: 7.358 GC heap before
{Heap before GC invocations=1 (full 0):
 garbage-first heap   total 227328K, used 102918K [0x0000000727c00000, 0x0000000800000000)
  region size 2048K, 29 young (59392K), 2 survivors (4096K)
 Metaspace       used 17568K, committed 17984K, reserved 1114112K
  class space    used 2491K, committed 2688K, reserved 1048576K
}
Event: 7.364 GC heap after
{Heap after GC invocations=2 (full 0):
 garbage-first heap   total 227328K, used 56026K [0x0000000727c00000, 0x0000000800000000)
  region size 2048K, 4 young (8192K), 4 survivors (8192K)
 Metaspace       used 17568K, committed 17984K, reserved 1114112K
  class space    used 2491K, committed 2688K, reserved 1048576K
}
Event: 16.026 GC heap before
{Heap before GC invocations=2 (full 0):
 garbage-first heap   total 227328K, used 166618K [0x0000000727c00000, 0x0000000800000000)
  region size 2048K, 56 young (114688K), 4 survivors (8192K)
 Metaspace       used 20717K, committed 21184K, reserved 1114112K
  class space    used 3074K, committed 3264K, reserved 1048576K
}
Event: 16.031 GC heap after
{Heap after GC invocations=3 (full 0):
 garbage-first heap   total 227328K, used 60004K [0x0000000727c00000, 0x0000000800000000)
  region size 2048K, 4 young (8192K), 4 survivors (8192K)
 Metaspace       used 20717K, committed 21184K, reserved 1114112K
  class space    used 3074K, committed 3264K, reserved 1048576K
}

