# JRE version: OpenJDK Runtime Environment GraalVM CE 22.3.1 (19.0.2+7) (build 19.0.2+7-jvmci-22.3-b12)
# Java VM: OpenJDK 64-Bit Server VM GraalVM CE 22.3.1 (19.0.2+7-jvmci-22.3-b12, mixed mode, sharing, tiered, jvmci, jvmci compiler, compressed oops, compressed class ptrs, g1 gc, linux-amd64)
GC Precious Log:
 CardTable entry size: 512
 Card Set container configuration: InlinePtr #cards 4 size 8 Array Of Cards #cards 16 size 48 Howl #buckets 8 coarsen threshold 3686 Howl Bitmap #cards 512 size 80 coarsen threshold 460 Card regions per heap region 1 cards per card region 4096
 CPUs: 16 total, 16 available
 Memory: 13834M
 Large Page Support: Disabled
 NUMA Support: Disabled
 Compressed Oops: Enabled (Zero based)
 Heap Region Size: 2M
 Heap Min Capacity: 8M
 Heap Initial Capacity: 218M
 Heap Max Capacity: 3460M
 Pre-touch: Disabled
 Parallel Workers: 13
 Concurrent Workers: 3
 Concurrent Refinement Workers: 13
 Periodic GC: Disabled
Heap:
 garbage-first heap   total 204800K, used 138031K [0x0000000727c00000, 0x0000000800000000)
  region size 2048K, 39 young (79872K), 1 survivors (2048K)
 Metaspace       used 27143K, committed 27648K, reserved 1114112K
  class space    used 3371K, committed 3584K, reserved 1048576K
GC Heap History (12 events):
Event: 0.302 GC heap before
{Heap before GC invocations=0 (full 0):
 garbage-first heap   total 227328K, used 22344K [0x0000000727c00000, 0x0000000800000000)
  region size 2048K, 11 young (22528K), 0 survivors (0K)
 Metaspace       used 4980K, committed 5184K, reserved 1114112K
  class space    used 553K, committed 640K, reserved 1048576K
}
Event: 0.304 GC heap after
{Heap after GC invocations=1 (full 0):
 garbage-first heap   total 227328K, used 4765K [0x0000000727c00000, 0x0000000800000000)
  region size 2048K, 2 young (4096K), 2 survivors (4096K)
 Metaspace       used 4980K, committed 5184K, reserved 1114112K
  class space    used 553K, committed 640K, reserved 1048576K
}
Event: 4.239 GC heap before
{Heap before GC invocations=1 (full 0):
 garbage-first heap   total 227328K, used 94877K [0x0000000727c00000, 0x0000000800000000)
  region size 2048K, 26 young (53248K), 2 survivors (4096K)
 Metaspace       used 21240K, committed 21504K, reserved 1114112K
  class space    used 2856K, committed 3008K, reserved 1048576K
}
Event: 4.244 GC heap after
{Heap after GC invocations=2 (full 0):
 garbage-first heap   total 227328K, used 55913K [0x0000000727c00000, 0x0000000800000000)
  region size 2048K, 4 young (8192K), 4 survivors (8192K)
 Metaspace       used 21240K, committed 21504K, reserved 1114112K
  class space    used 2856K, committed 3008K, reserved 1048576K
}
Event: 9.568 GC heap before
{Heap before GC invocations=3 (full 0):
 garbage-first heap   total 204800K, used 170601K [0x0000000727c00000, 0x0000000800000000)
  region size 2048K, 59 young (120832K), 4 survivors (8192K)
 Metaspace       used 26587K, committed 27008K, reserved 1114112K
  class space    used 3364K, committed 3584K, reserved 1048576K
}
Event: 9.573 GC heap after
{Heap after GC invocations=4 (full 0):
 garbage-first heap   total 204800K, used 62424K [0x0000000727c00000, 0x0000000800000000)
  region size 2048K, 7 young (14336K), 7 survivors (14336K)
 Metaspace       used 26587K, committed 27008K, reserved 1114112K
  class space    used 3364K, committed 3584K, reserved 1048576K
}
Event: 9.574 GC heap before
{Heap before GC invocations=4 (full 0):
 garbage-first heap   total 204800K, used 64472K [0x0000000727c00000, 0x0000000800000000)
  region size 2048K, 8 young (16384K), 7 survivors (14336K)
 Metaspace       used 26597K, committed 27072K, reserved 1114112K
  class space    used 3364K, committed 3584K, reserved 1048576K
}
Event: 9.579 GC heap after
{Heap after GC invocations=5 (full 0):
 garbage-first heap   total 204800K, used 62325K [0x0000000727c00000, 0x0000000800000000)
  region size 2048K, 1 young (2048K), 1 survivors (2048K)
 Metaspace       used 26597K, committed 27072K, reserved 1114112K
  class space    used 3364K, committed 3584K, reserved 1048576K
}
Event: 17.824 GC heap before
{Heap before GC invocations=5 (full 0):
 garbage-first heap   total 204800K, used 154485K [0x0000000727c00000, 0x0000000800000000)
  region size 2048K, 46 young (94208K), 1 survivors (2048K)
 Metaspace       used 26932K, committed 27392K, reserved 1114112K
  class space    used 3364K, committed 3584K, reserved 1048576K
}
Event: 17.825 GC heap after
{Heap after GC invocations=6 (full 0):
 garbage-first heap   total 204800K, used 62427K [0x0000000727c00000, 0x0000000800000000)
  region size 2048K, 1 young (2048K), 1 survivors (2048K)
 Metaspace       used 26932K, committed 27392K, reserved 1114112K
  class space    used 3364K, committed 3584K, reserved 1048576K
}
Event: 25.701 GC heap before
{Heap before GC invocations=6 (full 0):
 garbage-first heap   total 204800K, used 160731K [0x0000000727c00000, 0x0000000800000000)
  region size 2048K, 49 young (100352K), 1 survivors (2048K)
 Metaspace       used 27036K, committed 27520K, reserved 1114112K
  class space    used 3364K, committed 3584K, reserved 1048576K
}
Event: 25.702 GC heap after
{Heap after GC invocations=7 (full 0):
 garbage-first heap   total 204800K, used 62255K [0x0000000727c00000, 0x0000000800000000)
  region size 2048K, 1 young (2048K), 1 survivors (2048K)
 Metaspace       used 27036K, committed 27520K, reserved 1114112K
  class space    used 3364K, committed 3584K, reserved 1048576K
}

